<?xml version="1.0" encoding="UTF-8"?>
<!-- Generated by org.testng.reporters.JUnitReportReporter -->
<testsuite hostname="DESKTOP-HTHGA4V" failures="0" tests="4" name="api.test.UserTests2" time="9.529" errors="0" timestamp="2024-12-01T18:39:58 IST" skipped="0">
  <testcase classname="api.test.UserTests2" name="testPostUser" time="4.861"/>
  <testcase classname="api.test.UserTests2" name="testGetUserByName" time="1.311"/>
  <testcase classname="api.test.UserTests2" name="testUpdateUserByName" time="2.257"/>
  <testcase classname="api.test.UserTests2" name="testDeleteUserByName" time="1.100"/>
</testsuite> <!-- api.test.UserTests2 -->
