<?xml version="1.0" encoding="UTF-8"?>
<!-- Generated by org.testng.reporters.JUnitReportReporter -->
<testsuite hostname="DESKTOP-HTHGA4V" failures="0" tests="4" name="api.test.UserTests" time="9.607" errors="0" timestamp="2024-12-01T16:32:34 IST" skipped="0">
  <testcase classname="api.test.UserTests" name="testPostUser" time="4.713"/>
  <testcase classname="api.test.UserTests" name="testGetUserByName" time="1.147"/>
  <testcase classname="api.test.UserTests" name="testUpdateUserByName" time="2.680"/>
  <testcase classname="api.test.UserTests" name="testDeleteUserByName" time="1.067"/>
</testsuite> <!-- api.test.UserTests -->
