<?xml version="1.0" encoding="UTF-8"?>
<!-- Generated by org.testng.reporters.JUnitReportReporter -->
<testsuite hostname="DESKTOP-HTHGA4V" failures="0" tests="6" name="api.test.DDTests" time="6.458" errors="0" timestamp="2024-12-01T16:05:20 IST" skipped="0">
  <testcase classname="api.test.DDTests" name="testPostUser" time="1.082"/>
  <testcase classname="api.test.DDTests" name="testPostUser" time="1.054"/>
  <testcase classname="api.test.DDTests" name="testPostUser" time="1.077"/>
  <testcase classname="api.test.DDTests" name="testDeleteUserByName" time="1.103"/>
  <testcase classname="api.test.DDTests" name="testDeleteUserByName" time="1.092"/>
  <testcase classname="api.test.DDTests" name="testDeleteUserByName" time="1.050"/>
</testsuite> <!-- api.test.DDTests -->
